Determining if the pthread_create exist failed with the following output:
Change Dir: /home/me/Documents/Uni/Subjects_2017_SP1/ThesisFiles/Thesis/CodeAndData/Code/C++/OpenGLTutorials/build/CMakeFiles/CMakeTmp

Run Build Command:"/usr/bin/make" "cmTC_35928/fast"
/usr/bin/make -f CMakeFiles/cmTC_35928.dir/build.make CMakeFiles/cmTC_35928.dir/build
make[1]: Entering directory '/home/me/Documents/Uni/Subjects_2017_SP1/ThesisFiles/Thesis/CodeAndData/Code/C++/OpenGLTutorials/build/CMakeFiles/CMakeTmp'
Building C object CMakeFiles/cmTC_35928.dir/CheckSymbolExists.c.o
/usr/bin/cc     -o CMakeFiles/cmTC_35928.dir/CheckSymbolExists.c.o   -c /home/me/Documents/Uni/Subjects_2017_SP1/ThesisFiles/Thesis/CodeAndData/Code/C++/OpenGLTutorials/build/CMakeFiles/CMakeTmp/CheckSymbolExists.c
Linking C executable cmTC_35928
/usr/bin/cmake -E cmake_link_script CMakeFiles/cmTC_35928.dir/link.txt --verbose=1
/usr/bin/cc       CMakeFiles/cmTC_35928.dir/CheckSymbolExists.c.o  -o cmTC_35928 -rdynamic 
CMakeFiles/cmTC_35928.dir/CheckSymbolExists.c.o: In function `main':
CheckSymbolExists.c:(.text+0x16): undefined reference to `pthread_create'
collect2: error: ld returned 1 exit status
CMakeFiles/cmTC_35928.dir/build.make:97: recipe for target 'cmTC_35928' failed
make[1]: *** [cmTC_35928] Error 1
make[1]: Leaving directory '/home/me/Documents/Uni/Subjects_2017_SP1/ThesisFiles/Thesis/CodeAndData/Code/C++/OpenGLTutorials/build/CMakeFiles/CMakeTmp'
Makefile:126: recipe for target 'cmTC_35928/fast' failed
make: *** [cmTC_35928/fast] Error 2

File /home/me/Documents/Uni/Subjects_2017_SP1/ThesisFiles/Thesis/CodeAndData/Code/C++/OpenGLTutorials/build/CMakeFiles/CMakeTmp/CheckSymbolExists.c:
/* */
#include <pthread.h>

int main(int argc, char** argv)
{
  (void)argv;
#ifndef pthread_create
  return ((int*)(&pthread_create))[argc];
#else
  (void)argc;
  return 0;
#endif
}

Determining if the function pthread_create exists in the pthreads failed with the following output:
Change Dir: /home/me/Documents/Uni/Subjects_2017_SP1/ThesisFiles/Thesis/CodeAndData/Code/C++/OpenGLTutorials/build/CMakeFiles/CMakeTmp

Run Build Command:"/usr/bin/make" "cmTC_fc97c/fast"
/usr/bin/make -f CMakeFiles/cmTC_fc97c.dir/build.make CMakeFiles/cmTC_fc97c.dir/build
make[1]: Entering directory '/home/me/Documents/Uni/Subjects_2017_SP1/ThesisFiles/Thesis/CodeAndData/Code/C++/OpenGLTutorials/build/CMakeFiles/CMakeTmp'
Building C object CMakeFiles/cmTC_fc97c.dir/CheckFunctionExists.c.o
/usr/bin/cc    -DCHECK_FUNCTION_EXISTS=pthread_create   -o CMakeFiles/cmTC_fc97c.dir/CheckFunctionExists.c.o   -c /usr/share/cmake-3.5/Modules/CheckFunctionExists.c
Linking C executable cmTC_fc97c
/usr/bin/cmake -E cmake_link_script CMakeFiles/cmTC_fc97c.dir/link.txt --verbose=1
/usr/bin/cc   -DCHECK_FUNCTION_EXISTS=pthread_create    CMakeFiles/cmTC_fc97c.dir/CheckFunctionExists.c.o  -o cmTC_fc97c -rdynamic -lpthreads 
/usr/bin/ld: cannot find -lpthreads
collect2: error: ld returned 1 exit status
CMakeFiles/cmTC_fc97c.dir/build.make:97: recipe for target 'cmTC_fc97c' failed
make[1]: *** [cmTC_fc97c] Error 1
make[1]: Leaving directory '/home/me/Documents/Uni/Subjects_2017_SP1/ThesisFiles/Thesis/CodeAndData/Code/C++/OpenGLTutorials/build/CMakeFiles/CMakeTmp'
Makefile:126: recipe for target 'cmTC_fc97c/fast' failed
make: *** [cmTC_fc97c/fast] Error 2


